<?xml version="1.0" encoding="UTF-8"?>
<coverage generated="1754588731047" clover="3.2.0">
  <project timestamp="1754588731047" name="All files">
    <metrics statements="9" coveredstatements="9" conditionals="6" coveredconditionals="6" methods="8" coveredmethods="8" elements="23" coveredelements="23" complexity="0" loc="9" ncloc="9" packages="2" files="2" classes="2"/>
    <package name="filterProduct">
      <metrics statements="6" coveredstatements="6" conditionals="6" coveredconditionals="6" methods="6" coveredmethods="6"/>
      <file name="filter.ts" path="/Users/admin/Desktop/naishma-2/src/customer/filterProduct/filter.ts">
        <metrics statements="6" coveredstatements="6" conditionals="6" coveredconditionals="6" methods="6" coveredmethods="6"/>
        <line num="3" count="1" type="stmt"/>
        <line num="4" count="12" type="stmt"/>
        <line num="7" count="1" type="stmt"/>
        <line num="8" count="12" type="cond" truecount="4" falsecount="0"/>
        <line num="11" count="1" type="stmt"/>
        <line num="12" count="4" type="cond" truecount="2" falsecount="0"/>
      </file>
    </package>
    <package name="searchProduct">
      <metrics statements="3" coveredstatements="3" conditionals="0" coveredconditionals="0" methods="2" coveredmethods="2"/>
      <file name="searchProducts.ts" path="/Users/admin/Desktop/naishma-2/src/customer/searchProduct/searchProducts.ts">
        <metrics statements="3" coveredstatements="3" conditionals="0" coveredconditionals="0" methods="2" coveredmethods="2"/>
        <line num="3" count="1" type="stmt"/>
        <line num="4" count="1" type="stmt"/>
        <line num="5" count="3" type="stmt"/>
      </file>
    </package>
  </project>
</coverage>
