{"/Users/admin/Desktop/naishma-2/src/customer/filterProduct/filter.ts": {"path":"/Users/admin/Desktop/naishma-2/src/customer/filterProduct/filter.ts","statementMap":{"0":{"start":{"line":3,"column":0},"end":{"line":3,"column":16}},"1":{"start":{"line":7,"column":0},"end":{"line":7,"column":16}},"2":{"start":{"line":11,"column":0},"end":{"line":11,"column":16}},"3":{"start":{"line":4,"column":2},"end":{"line":4,"column":51}},"4":{"start":{"line":4,"column":30},"end":{"line":4,"column":49}},"5":{"start":{"line":8,"column":2},"end":{"line":8,"column":84}},"6":{"start":{"line":8,"column":30},"end":{"line":8,"column":83}},"7":{"start":{"line":12,"column":2},"end":{"line":12,"column":70}},"8":{"start":{"line":12,"column":30},"end":{"line":12,"column":68}}},"fnMap":{"0":{"name":"filterPrice","decl":{"start":{"line":3,"column":16},"end":{"line":3,"column":27}},"loc":{"start":{"line":3,"column":65},"end":{"line":5,"column":1}}},"1":{"name":"(anonymous_1)","decl":{"start":{"line":4,"column":25},"end":{"line":4,"column":26}},"loc":{"start":{"line":4,"column":30},"end":{"line":4,"column":49}}},"2":{"name":"filterCategory","decl":{"start":{"line":7,"column":16},"end":{"line":7,"column":30}},"loc":{"start":{"line":7,"column":68},"end":{"line":9,"column":1}}},"3":{"name":"(anonymous_3)","decl":{"start":{"line":8,"column":25},"end":{"line":8,"column":26}},"loc":{"start":{"line":8,"column":29},"end":{"line":8,"column":83}}},"4":{"name":"filterRating","decl":{"start":{"line":11,"column":16},"end":{"line":11,"column":28}},"loc":{"start":{"line":11,"column":67},"end":{"line":13,"column":1}}},"5":{"name":"(anonymous_5)","decl":{"start":{"line":12,"column":25},"end":{"line":12,"column":26}},"loc":{"start":{"line":12,"column":30},"end":{"line":12,"column":68}}}},"branchMap":{"0":{"loc":{"start":{"line":8,"column":30},"end":{"line":8,"column":55}},"type":"cond-expr","locations":[{"start":{"line":8,"column":40},"end":{"line":8,"column":42}},{"start":{"line":8,"column":40},"end":{"line":8,"column":55}}]},"1":{"loc":{"start":{"line":8,"column":30},"end":{"line":8,"column":42}},"type":"binary-expr","locations":[{"start":{"line":8,"column":30},"end":{"line":8,"column":42}},{"start":{"line":8,"column":40},"end":{"line":8,"column":42}}]},"2":{"loc":{"start":{"line":12,"column":30},"end":{"line":12,"column":68}},"type":"binary-expr","locations":[{"start":{"line":12,"column":30},"end":{"line":12,"column":38}},{"start":{"line":12,"column":42},"end":{"line":12,"column":68}}]}},"s":{"0":1,"1":1,"2":1,"3":3,"4":12,"5":3,"6":12,"7":1,"8":4},"f":{"0":3,"1":12,"2":3,"3":12,"4":1,"5":4},"b":{"0":[3,9],"1":[12,12],"2":[4,3]}}
,"/Users/admin/Desktop/naishma-2/src/customer/searchProduct/searchProducts.ts": {"path":"/Users/admin/Desktop/naishma-2/src/customer/searchProduct/searchProducts.ts","statementMap":{"0":{"start":{"line":3,"column":0},"end":{"line":3,"column":16}},"1":{"start":{"line":4,"column":2},"end":{"line":6,"column":4}},"2":{"start":{"line":5,"column":4},"end":{"line":5,"column":57}}},"fnMap":{"0":{"name":"searchProducts","decl":{"start":{"line":3,"column":16},"end":{"line":3,"column":30}},"loc":{"start":{"line":3,"column":67},"end":{"line":7,"column":1}}},"1":{"name":"(anonymous_1)","decl":{"start":{"line":4,"column":25},"end":{"line":4,"column":26}},"loc":{"start":{"line":5,"column":4},"end":{"line":5,"column":57}}}},"branchMap":{},"s":{"0":1,"1":1,"2":3},"f":{"0":1,"1":3},"b":{}}
}
