TN:
SF:src/customer/filterProduct/filter.ts
FN:3,filterPrice
FN:4,(anonymous_1)
FN:7,filterCategory
FN:8,(anonymous_3)
FN:11,filterRating
FN:12,(anonymous_5)
FNF:6
FNH:6
FNDA:3,filterPrice
FNDA:12,(anonymous_1)
FNDA:3,filterCategory
FNDA:12,(anonymous_3)
FNDA:1,filterRating
FNDA:4,(anonymous_5)
DA:3,1
DA:4,12
DA:7,1
DA:8,12
DA:11,1
DA:12,4
LF:6
LH:6
BRDA:8,0,0,3
BRDA:8,0,1,9
BRDA:8,1,0,12
BRDA:8,1,1,12
BRDA:12,2,0,4
BRDA:12,2,1,3
BRF:6
BRH:6
end_of_record
TN:
SF:src/customer/searchProduct/searchProducts.ts
FN:3,searchProducts
FN:4,(anonymous_1)
FNF:2
FNH:2
FNDA:1,searchProducts
FNDA:3,(anonymous_1)
DA:3,1
DA:4,1
DA:5,3
LF:3
LH:3
BRF:0
BRH:0
end_of_record
